生成启动时间为 2018/10/8 16:40:07。
     1>项目“C:\Users\我\Desktop\Waiting for deal\Win32Project1\Win32Project1\Win32Project1.vcxproj”在节点 2 上(Build 个目标)。
     1>ClCompile:
         E:\飞思\VS2013\VC\bin\CL.exe /c /ZI /nologo /W3 /WX- /Od /Oy- /D WIN32 /D _DEBUG /D _WINDOWS /D _CRT_SECURE_NO_WARNINGS /D _UNICODE /D UNICODE /Gm /EHsc /RTC1 /MDd /GS /fp:precise /Zc:wchar_t /Zc:forScope /Yu"stdafx.h" /Fp"Debug\Win32Project1.pch" /Fo"Debug\\" /Fd"Debug\vc120.pdb" /Gd /TP /analyze- /errorReport:prompt Game.cpp Rectangles.cpp
         Rectangles.cpp
         Game.cpp
     1>c:\users\我\desktop\waiting for deal\win32project1\win32project1\camera.h(27): warning C4305: “-=”: 从“double”到“float”截断
     1>c:\users\我\desktop\waiting for deal\win32project1\win32project1\camera.h(31): warning C4305: “+=”: 从“double”到“float”截断
     1>e:\飞思\vs2013\vc\include\cwchar(29): warning C4995: “swprintf”:  名称被标记为 #pragma deprecated
     1>e:\飞思\vs2013\vc\include\cwchar(30): warning C4995: “vswprintf”:  名称被标记为 #pragma deprecated
     1>e:\飞思\vs2013\vc\include\cwchar(32): warning C4995: “wcscat”:  名称被标记为 #pragma deprecated
     1>e:\飞思\vs2013\vc\include\cwchar(34): warning C4995: “wcscpy”:  名称被标记为 #pragma deprecated
     1>e:\飞思\vs2013\vc\include\cstdio(46): warning C4995: “gets”:  名称被标记为 #pragma deprecated
     1>e:\飞思\vs2013\vc\include\cstdio(50): warning C4995: “sprintf”:  名称被标记为 #pragma deprecated
     1>e:\飞思\vs2013\vc\include\cstdio(53): warning C4995: “vsprintf”:  名称被标记为 #pragma deprecated
     1>e:\飞思\vs2013\vc\include\cstring(20): warning C4995: “strcat”:  名称被标记为 #pragma deprecated
     1>e:\飞思\vs2013\vc\include\cstring(21): warning C4995: “strcpy”:  名称被标记为 #pragma deprecated
     1>c:\users\我\desktop\waiting for deal\win32project1\win32project1\game.cpp(9): warning C4244: “参数”: 从“time_t”转换到“unsigned int”，可能丢失数据
     1>c:\users\我\desktop\waiting for deal\win32project1\win32project1\game.cpp(120): warning C4305: “-=”: 从“double”到“float”截断
     1>c:\users\我\desktop\waiting for deal\win32project1\win32project1\game.cpp(123): warning C4305: “+=”: 从“double”到“float”截断
     1>c:\users\我\desktop\waiting for deal\win32project1\win32project1\game.cpp(126): warning C4305: “-=”: 从“double”到“float”截断
     1>c:\users\我\desktop\waiting for deal\win32project1\win32project1\game.cpp(129): warning C4305: “+=”: 从“double”到“float”截断
     1>c:\users\我\desktop\waiting for deal\win32project1\win32project1\game.cpp(231): warning C4244: “=”: 从“int”转换到“float”，可能丢失数据
     1>c:\users\我\desktop\waiting for deal\win32project1\win32project1\game.cpp(232): warning C4244: “=”: 从“int”转换到“float”，可能丢失数据
         正在生成代码...
       Link:
         E:\飞思\VS2013\VC\bin\link.exe /ERRORREPORT:PROMPT /OUT:"C:\Users\我\Desktop\Waiting for deal\Win32Project1\Debug\Win32Project1.exe" /INCREMENTAL /NOLOGO d3d9.lib winmm.lib d3dx9.lib kernel32.lib user32.lib gdi32.lib winspool.lib comdlg32.lib advapi32.lib shell32.lib ole32.lib oleaut32.lib uuid.lib odbc32.lib odbccp32.lib /MANIFEST /MANIFESTUAC:"level='asInvoker' uiAccess='false'" /manifest:embed /DEBUG /PDB:"C:\Users\我\Desktop\Waiting for deal\Win32Project1\Debug\Win32Project1.pdb" /SUBSYSTEM:WINDOWS /TLBID:1 /DYNAMICBASE /NXCOMPAT /IMPLIB:"C:\Users\我\Desktop\Waiting for deal\Win32Project1\Debug\Win32Project1.lib" /MACHINE:X86 Debug\Win32Project1.res
         Debug\Camera.obj
         Debug\Circle.obj
         Debug\Cube.obj
         Debug\D3D.obj
         Debug\Game.obj
         Debug\Rectangles.obj
         Debug\stdafx.obj
         Debug\Main.obj
         Win32Project1.vcxproj -> C:\Users\我\Desktop\Waiting for deal\Win32Project1\Debug\Win32Project1.exe
     1>已完成生成项目“C:\Users\我\Desktop\Waiting for deal\Win32Project1\Win32Project1\Win32Project1.vcxproj”(Build 个目标)的操作。

生成成功。

已用时间 00:00:01.14
